#separator \x09
#set_separator	,
#empty_field	(empty)
#unset_field	-
#fields	query	count
#types	string	count
_googlecast._tcp.local	13
content-autofill.googleapis.com	8
www.googletagmanager.com	6
271b17b9-8ba0-4460-ba98-417e53bde78a.local	6
accounts.google.com	6
192.168.0.4.in-addr.arpa	6
beacons.gcp.gvt2.com	6
www.google.com	6
www.google-analytics.com	6
192.168.0.24.in-addr.arpa	5
optimizationguide-pa.googleapis.com	4
fonts.googleapis.com	4
67db7ae1-7ebf-40d8-8ba8-c7425a63c76b.local	4
pagead2.googlesyndication.com	4
07736b615df198289e90faf6a136a0e0.safeframe.googlesyndication.com	4
192.168.0.233.in-addr.arpa	4
mc.yandex.ru	4
192.168.0.17.in-addr.arpa	4
*\x00\x00\x00\x00\x00\x00\x00\x00\x00\x00\x00\x00\x00\x00	4
fonts.gstatic.com	4
192.168.0.210.in-addr.arpa	4
tpc.googlesyndication.com	4
192.168.0.167.in-addr.arpa	4
update.googleapis.com	4
www.brimdata.io	4
ru.stackoverflow.com	3
sun1-99.userapi.com	3
www.tns-counter.ru	3
sun1-27.userapi.com	2
sun1-86.userapi.com	2
yt3.ggpht.com	2
securepubads.g.doubleclick.net	2
r.mradx.net	2
i.ytimg.com	2
youtube.com	2
rr15---sn-n8v7kn7z.googlevideo.com	2
sun1-21.userapi.com	2
rr8---sn-oxuctoxu-n8ve.googlevideo.com	2
r3.mail.ru	2
sun1-84.userapi.com	2
sun9-63.userapi.com	2
im.vk.com	2
buttons.github.io	2
sun1-20.userapi.com	2
clientservices.googleapis.com	2
rr1---sn-oxuctoxu-n8ve.googlevideo.com	2
sun1-14.userapi.com	2
www.googleapis.com	2
play.google.com	2
r0.mradx.net	2
sun1-57.userapi.com	2
sun1-89.userapi.com	2
history.google.com	2
rr1---sn-oxuctoxu-n8vl.googlevideo.com	2
sun1-93.userapi.com	2
www.gravatar.com	2
r0.mail.ru	2
github.githubassets.com	2
sun1-97.userapi.com	2
adservice.google.com	2
googleads.g.doubleclick.net	2
api.vk.com	2
clients1.google.com	2
sun1-19.userapi.com	2
qa.sockets.stackexchange.com	2
sun1-26.userapi.com	2
sun1-55.userapi.com	2
sun1-87.userapi.com	2
st1-94.vk.com	2
sun1-92.userapi.com	2
sun1-47.userapi.com	2
sun1-54.userapi.com	2
d.mradx.net	2
sun1-17.userapi.com	2
ad.adriver.ru	2
trk.mail.ru	2
jnn-pa.googleapis.com	2
www.gstatic.com	2
sun9-19.userapi.com	2
stats.g.doubleclick.net	2
sun1-25.userapi.com	2
sun1-16.userapi.com	2
sun1-29.userapi.com	2
75a69bd7-79fc-4323-84d9-c4b4664b09c9.local	2
use.typekit.net	2
clients4.google.com	2
sun1-28.userapi.com	2
stats.vk-portal.net	2
sun1-95.userapi.com	2
vk.ru	2
safebrowsing.googleapis.com	2
sun1-88.userapi.com	2
sun1-91.userapi.com	2
beacons.gvt2.com	2
sun1-23.userapi.com	2
cdn.sstatic.net	2
rr3---sn-oxuctoxu-n8ve.googlevideo.com	2
clc.stackoverflow.com	2
login.vk.com	2
sun1-22.userapi.com	2
www.youtube.com	2
sun1-98.userapi.com	2
sun1-18.userapi.com	2
sun1-30.userapi.com	2
vk.com	2
queuev4.vk.com	2
d0.mradx.net	2
top-fwz1.mail.ru	2
learn.javascript.ru	2
api.github.com	2
static.doubleclick.net	2
p.typekit.net	2
cs1-60v4.vkuseraudio.net	2
sun1-56.userapi.com	2
sun1-15.userapi.com	2
github.com	2
ad.mail.ru	2
www.google.ru	2
sun1-13.userapi.com	2
objects.githubusercontent.com	2
rs.mail.ru	2
suggestqueries-clients6.youtube.com	2
i.stack.imgur.com	2
settings-win.data.microsoft.com	1
activity.windows.com	1
discordapp.com	1
images-ext-1.discordapp.net	1
geover.prod.do.dsp.mp.microsoft.com	1
config.teams.microsoft.com	1
h20572.www2.hp.com	1
mtalk.google.com	1
oneclient.sfx.ms	1
self.events.data.microsoft.com	1
g.live.com	1
